<?xml version="1.0" encoding="UTF-8"?>
<testsuite xmlns:xsi="http://www.w3.org/2001/XMLSchema-instance" xsi:noNamespaceSchemaLocation="https://maven.apache.org/surefire/maven-surefire-plugin/xsd/surefire-test-report-3.0.xsd" version="3.0" name="com.indus.training.persist.dao.TestStudentDaoImpl" time="0.388" tests="4" errors="0" skipped="0" failures="0">
  <properties>
    <property name="sun.desktop" value="windows"/>
    <property name="awt.toolkit" value="sun.awt.windows.WToolkit"/>
    <property name="file.encoding.pkg" value="sun.io"/>
    <property name="java.specification.version" value="1.8"/>
    <property name="sun.cpu.isalist" value="amd64"/>
    <property name="sun.jnu.encoding" value="Cp1252"/>
    <property name="java.class.path" value="C:\IndusProjects\Persistence\IndusStudentPersistence\target\test-classes;C:\IndusProjects\Persistence\IndusStudentPersistence\target\classes;C:\Users\Navya Bade\.m2\repository\junit\junit\4.13.2\junit-4.13.2.jar;C:\Users\Navya Bade\.m2\repository\org\hamcrest\hamcrest-core\1.3\hamcrest-core-1.3.jar;C:\Users\Navya Bade\.m2\repository\org\apache\logging\log4j\log4j-core\2.17.2\log4j-core-2.17.2.jar;C:\Users\Navya Bade\.m2\repository\org\apache\logging\log4j\log4j-api\2.17.2\log4j-api-2.17.2.jar;C:\Users\Navya Bade\.m2\repository\org\apache\logging\log4j\log4j-slf4j-impl\2.17.2\log4j-slf4j-impl-2.17.2.jar;C:\Users\Navya Bade\.m2\repository\org\slf4j\slf4j-api\1.7.25\slf4j-api-1.7.25.jar;"/>
    <property name="java.vm.vendor" value="Oracle Corporation"/>
    <property name="sun.arch.data.model" value="64"/>
    <property name="user.variant" value=""/>
    <property name="java.vendor.url" value="http://java.oracle.com/"/>
    <property name="user.timezone" value="America/New_York"/>
    <property name="java.vm.specification.version" value="1.8"/>
    <property name="os.name" value="Windows 10"/>
    <property name="user.country" value="IN"/>
    <property name="sun.java.launcher" value="SUN_STANDARD"/>
    <property name="sun.boot.library.path" value="C:\Java\jdk1.8.0_202\jre\bin"/>
    <property name="sun.java.command" value="C:\Users\Navya Bade\AppData\Local\Temp\surefire4833643629125235027\surefirebooter-20240824212752157_3.jar C:\Users\Navya Bade\AppData\Local\Temp\surefire4833643629125235027 2024-08-24T21-27-51_893-jvmRun1 surefire-20240824212752157_1tmp surefire_0-20240824212752157_2tmp"/>
    <property name="surefire.test.class.path" value="C:\IndusProjects\Persistence\IndusStudentPersistence\target\test-classes;C:\IndusProjects\Persistence\IndusStudentPersistence\target\classes;C:\Users\Navya Bade\.m2\repository\junit\junit\4.13.2\junit-4.13.2.jar;C:\Users\Navya Bade\.m2\repository\org\hamcrest\hamcrest-core\1.3\hamcrest-core-1.3.jar;C:\Users\Navya Bade\.m2\repository\org\apache\logging\log4j\log4j-core\2.17.2\log4j-core-2.17.2.jar;C:\Users\Navya Bade\.m2\repository\org\apache\logging\log4j\log4j-api\2.17.2\log4j-api-2.17.2.jar;C:\Users\Navya Bade\.m2\repository\org\apache\logging\log4j\log4j-slf4j-impl\2.17.2\log4j-slf4j-impl-2.17.2.jar;C:\Users\Navya Bade\.m2\repository\org\slf4j\slf4j-api\1.7.25\slf4j-api-1.7.25.jar;"/>
    <property name="sun.cpu.endian" value="little"/>
    <property name="user.home" value="C:\Users\Navya Bade"/>
    <property name="user.language" value="en"/>
    <property name="java.specification.vendor" value="Oracle Corporation"/>
    <property name="java.home" value="C:\Java\jdk1.8.0_202\jre"/>
    <property name="basedir" value="C:\IndusProjects\Persistence\IndusStudentPersistence"/>
    <property name="style.color" value="always"/>
    <property name="file.separator" value="\"/>
    <property name="line.separator" value="&#10;"/>
    <property name="java.vm.specification.vendor" value="Oracle Corporation"/>
    <property name="java.specification.name" value="Java Platform API Specification"/>
    <property name="java.awt.graphicsenv" value="sun.awt.Win32GraphicsEnvironment"/>
    <property name="surefire.real.class.path" value="C:\Users\Navya Bade\AppData\Local\Temp\surefire4833643629125235027\surefirebooter-20240824212752157_3.jar"/>
    <property name="sun.boot.class.path" value="C:\Java\jdk1.8.0_202\jre\lib\resources.jar;C:\Java\jdk1.8.0_202\jre\lib\rt.jar;C:\Java\jdk1.8.0_202\jre\lib\sunrsasign.jar;C:\Java\jdk1.8.0_202\jre\lib\jsse.jar;C:\Java\jdk1.8.0_202\jre\lib\jce.jar;C:\Java\jdk1.8.0_202\jre\lib\charsets.jar;C:\Java\jdk1.8.0_202\jre\lib\jfr.jar;C:\Java\jdk1.8.0_202\jre\classes"/>
    <property name="user.script" value=""/>
    <property name="sun.management.compiler" value="HotSpot 64-Bit Tiered Compilers"/>
    <property name="java.runtime.version" value="1.8.0_202-b08"/>
    <property name="user.name" value="Navya Bade"/>
    <property name="path.separator" value=";"/>
    <property name="os.version" value="10.0"/>
    <property name="java.endorsed.dirs" value="C:\Java\jdk1.8.0_202\jre\lib\endorsed"/>
    <property name="java.runtime.name" value="Java(TM) SE Runtime Environment"/>
    <property name="file.encoding" value="Cp1252"/>
    <property name="java.vm.name" value="Java HotSpot(TM) 64-Bit Server VM"/>
    <property name="localRepository" value="C:\Users\Navya Bade\.m2\repository"/>
    <property name="java.vendor.url.bug" value="http://bugreport.sun.com/bugreport/"/>
    <property name="java.io.tmpdir" value="C:\Users\NAVYAB~1\AppData\Local\Temp\"/>
    <property name="java.version" value="1.8.0_202"/>
    <property name="user.dir" value="C:\IndusProjects\Persistence\IndusStudentPersistence"/>
    <property name="os.arch" value="amd64"/>
    <property name="java.vm.specification.name" value="Java Virtual Machine Specification"/>
    <property name="java.awt.printerjob" value="sun.awt.windows.WPrinterJob"/>
    <property name="sun.os.patch.level" value=""/>
    <property name="java.library.path" value="C:\Java\jdk1.8.0_202\jre\bin;C:\Windows\Sun\Java\bin;C:\Windows\system32;C:\Windows;C:/Indus/Software/sts-4.23.1.RELEASE//plugins/org.eclipse.justj.openjdk.hotspot.jre.full.win32.x86_64_21.0.3.v20240426-1530/jre/bin/server;C:/Indus/Software/sts-4.23.1.RELEASE//plugins/org.eclipse.justj.openjdk.hotspot.jre.full.win32.x86_64_21.0.3.v20240426-1530/jre/bin;C:\Program Files\Common Files\Oracle\Java\javapath;C:\Program Files (x86)\Common Files\Oracle\Java\javapath;C:\Windows\system32;C:\Windows;C:\Windows\System32\Wbem;C:\Windows\System32\WindowsPowerShell\v1.0\;C:\Windows\System32\OpenSSH\;C:\Program Files (x86)\GitExtensions\;C:\Program Files\Git\cmd;C:\Program Files\dotnet\;C:\Program Files (x86)\Pulse Secure\VC142.CRT\X64\;C:\Program Files (x86)\Pulse Secure\VC142.CRT\X86\;C:\Program Files\nodejs\;C:\Program Files\apache-maven-3.9.6\bin;C:\hadoop\sbin;C:\Java\jdk1.8.0_202\bin;C:\hadoop\bin;C:\Program Files\Amazon\AWSCLIV2\;C:\Program Files\Java\jdk-17\bin\bin;C:\Users\Navya Bade\AppData\Local\Programs\Python\Python311\Scripts\;C:\Users\Navya Bade\AppData\Local\Programs\Python\Python311\;C:\Users\Navya Bade\AppData\Local\Microsoft\WindowsApps;C:\Users\Navya Bade\AppData\Local\Programs\Microsoft VS Code\bin;C:\Users\Navya Bade\AppData\Roaming\npm;C:\Indus\Software\sts-4.23.1.RELEASE;;."/>
    <property name="java.vm.info" value="mixed mode"/>
    <property name="java.vendor" value="Oracle Corporation"/>
    <property name="java.vm.version" value="25.202-b08"/>
    <property name="java.ext.dirs" value="C:\Java\jdk1.8.0_202\jre\lib\ext;C:\Windows\Sun\Java\lib\ext"/>
    <property name="sun.io.unicode.encoding" value="UnicodeLittle"/>
    <property name="java.class.version" value="52.0"/>
  </properties>
  <testcase name="testUpdateStudentLastName" classname="com.indus.training.persist.dao.TestStudentDaoImpl" time="0.351">
    <system-out><![CDATA[true
]]></system-out>
  </testcase>
  <testcase name="testUpdateStudentFirstName" classname="com.indus.training.persist.dao.TestStudentDaoImpl" time="0.001">
    <system-out><![CDATA[true
]]></system-out>
  </testcase>
  <testcase name="testInsertStudent" classname="com.indus.training.persist.dao.TestStudentDaoImpl" time="0.006">
    <system-out><![CDATA[2024-08-24 21:27:52,949 main ERROR Unable to rename file C:\IndusProjects\Persistence\IndusStudentPersistence\.\logs\log.log to C:\IndusProjects\Persistence\IndusStudentPersistence\.\logs\log-21:27:52:945.log: java.nio.file.InvalidPathException Illegal char <:> at index 66: C:\IndusProjects\Persistence\IndusStudentPersistence\.\logs\log-21:27:52:945.log
false
]]></system-out>
  </testcase>
  <testcase name="testFetchStudent" classname="com.indus.training.persist.dao.TestStudentDaoImpl" time="0.003">
    <system-out><![CDATA[Student [studentId=1026, firstName=Teja, lastName=Badeeeee]
]]></system-out>
  </testcase>
</testsuite>